# JRE version: OpenJDK Runtime Environment (17.0.10) (build 17.0.10+0--11572160)
# Java VM: OpenJDK 64-Bit Server VM (17.0.10+0--11572160, mixed mode, tiered, compressed oops, compressed class ptrs, g1 gc, windows-amd64)
GC Precious Log:
 CPUs: 8 total, 8 available
 Memory: 16206M
 Large Page Support: Disabled
 NUMA Support: Disabled
 Compressed Oops: Enabled (Zero based)
 Heap Region Size: 2M
 Heap Min Capacity: 8M
 Heap Initial Capacity: 254M
 Heap Max Capacity: 4052M
 Pre-touch: Disabled
 Parallel Workers: 8
 Concurrent Workers: 2
 Concurrent Refinement Workers: 8
 Periodic GC: Disabled
Heap:
 garbage-first heap   total 102400K, used 41545K [0x0000000702c00000, 0x0000000800000000)
  region size 2048K, 3 young (6144K), 3 survivors (6144K)
 Metaspace       used 55381K, committed 55616K, reserved 1114112K
  class space    used 6548K, committed 6656K, reserved 1048576K
GC Heap History (20 events):
Event: 0.901 GC heap after
{Heap after GC invocations=2 (full 0):
 garbage-first heap   total 260096K, used 9691K [0x0000000702c00000, 0x0000000800000000)
  region size 2048K, 3 young (6144K), 3 survivors (6144K)
 Metaspace       used 16085K, committed 16256K, reserved 1114112K
  class space    used 1608K, committed 1664K, reserved 1048576K
}
Event: 1.206 GC heap before
{Heap before GC invocations=2 (full 0):
 garbage-first heap   total 260096K, used 38363K [0x0000000702c00000, 0x0000000800000000)
  region size 2048K, 18 young (36864K), 3 survivors (6144K)
 Metaspace       used 21335K, committed 21504K, reserved 1114112K
  class space    used 2323K, committed 2432K, reserved 1048576K
}
Event: 1.210 GC heap after
{Heap after GC invocations=3 (full 0):
 garbage-first heap   total 260096K, used 11017K [0x0000000702c00000, 0x0000000800000000)
  region size 2048K, 4 young (8192K), 4 survivors (8192K)
 Metaspace       used 21335K, committed 21504K, reserved 1114112K
  class space    used 2323K, committed 2432K, reserved 1048576K
}
Event: 1.637 GC heap before
{Heap before GC invocations=4 (full 0):
 garbage-first heap   total 49152K, used 35593K [0x0000000702c00000, 0x0000000800000000)
  region size 2048K, 15 young (30720K), 4 survivors (8192K)
 Metaspace       used 27932K, committed 28224K, reserved 1114112K
  class space    used 3068K, committed 3200K, reserved 1048576K
}
Event: 1.643 GC heap after
{Heap after GC invocations=5 (full 0):
 garbage-first heap   total 49152K, used 17181K [0x0000000702c00000, 0x0000000800000000)
  region size 2048K, 5 young (10240K), 5 survivors (10240K)
 Metaspace       used 27932K, committed 28224K, reserved 1114112K
  class space    used 3068K, committed 3200K, reserved 1048576K
}
Event: 1.889 GC heap before
{Heap before GC invocations=5 (full 0):
 garbage-first heap   total 49152K, used 29469K [0x0000000702c00000, 0x0000000800000000)
  region size 2048K, 12 young (24576K), 5 survivors (10240K)
 Metaspace       used 31236K, committed 31488K, reserved 1114112K
  class space    used 3775K, committed 3904K, reserved 1048576K
}
Event: 1.898 GC heap after
{Heap after GC invocations=6 (full 0):
 garbage-first heap   total 49152K, used 18810K [0x0000000702c00000, 0x0000000800000000)
  region size 2048K, 2 young (4096K), 2 survivors (4096K)
 Metaspace       used 31236K, committed 31488K, reserved 1114112K
  class space    used 3775K, committed 3904K, reserved 1048576K
}
Event: 2.112 GC heap before
{Heap before GC invocations=6 (full 0):
 garbage-first heap   total 49152K, used 37242K [0x0000000702c00000, 0x0000000800000000)
  region size 2048K, 10 young (20480K), 2 survivors (4096K)
 Metaspace       used 31415K, committed 31680K, reserved 1114112K
  class space    used 3775K, committed 3904K, reserved 1048576K
}
Event: 2.126 GC heap after
{Heap after GC invocations=7 (full 0):
 garbage-first heap   total 49152K, used 24972K [0x0000000702c00000, 0x0000000800000000)
  region size 2048K, 2 young (4096K), 2 survivors (4096K)
 Metaspace       used 31415K, committed 31680K, reserved 1114112K
  class space    used 3775K, committed 3904K, reserved 1048576K
}
Event: 2.268 GC heap before
{Heap before GC invocations=7 (full 0):
 garbage-first heap   total 49152K, used 35212K [0x0000000702c00000, 0x0000000800000000)
  region size 2048K, 7 young (14336K), 2 survivors (4096K)
 Metaspace       used 32831K, committed 33024K, reserved 1114112K
  class space    used 4138K, committed 4224K, reserved 1048576K
}
Event: 2.279 GC heap after
{Heap after GC invocations=8 (full 0):
 garbage-first heap   total 155648K, used 27796K [0x0000000702c00000, 0x0000000800000000)
  region size 2048K, 1 young (2048K), 1 survivors (2048K)
 Metaspace       used 32831K, committed 33024K, reserved 1114112K
  class space    used 4138K, committed 4224K, reserved 1048576K
}
Event: 3.219 GC heap before
{Heap before GC invocations=9 (full 0):
 garbage-first heap   total 102400K, used 83092K [0x0000000702c00000, 0x0000000800000000)
  region size 2048K, 29 young (59392K), 1 survivors (2048K)
 Metaspace       used 45141K, committed 45376K, reserved 1114112K
  class space    used 5415K, committed 5504K, reserved 1048576K
}
Event: 3.235 GC heap after
{Heap after GC invocations=10 (full 0):
 garbage-first heap   total 102400K, used 31560K [0x0000000702c00000, 0x0000000800000000)
  region size 2048K, 4 young (8192K), 4 survivors (8192K)
 Metaspace       used 45141K, committed 45376K, reserved 1114112K
  class space    used 5415K, committed 5504K, reserved 1048576K
}
Event: 3.331 GC heap before
{Heap before GC invocations=10 (full 0):
 garbage-first heap   total 102400K, used 33608K [0x0000000702c00000, 0x0000000800000000)
  region size 2048K, 5 young (10240K), 4 survivors (8192K)
 Metaspace       used 45729K, committed 45952K, reserved 1114112K
  class space    used 5463K, committed 5568K, reserved 1048576K
}
Event: 3.342 GC heap after
{Heap after GC invocations=11 (full 0):
 garbage-first heap   total 102400K, used 32268K [0x0000000702c00000, 0x0000000800000000)
  region size 2048K, 1 young (2048K), 1 survivors (2048K)
 Metaspace       used 45729K, committed 45952K, reserved 1114112K
  class space    used 5463K, committed 5568K, reserved 1048576K
}
Event: 4.405 GC heap before
{Heap before GC invocations=11 (full 0):
 garbage-first heap   total 102400K, used 67084K [0x0000000702c00000, 0x0000000800000000)
  region size 2048K, 19 young (38912K), 1 survivors (2048K)
 Metaspace       used 48803K, committed 49088K, reserved 1114112K
  class space    used 5843K, committed 6016K, reserved 1048576K
}
Event: 4.416 GC heap after
{Heap after GC invocations=12 (full 0):
 garbage-first heap   total 102400K, used 35003K [0x0000000702c00000, 0x0000000800000000)
  region size 2048K, 2 young (4096K), 2 survivors (4096K)
 Metaspace       used 48803K, committed 49088K, reserved 1114112K
  class space    used 5843K, committed 6016K, reserved 1048576K
}
Event: 5.523 GC heap before
{Heap before GC invocations=12 (full 0):
 garbage-first heap   total 102400K, used 73915K [0x0000000702c00000, 0x0000000800000000)
  region size 2048K, 20 young (40960K), 2 survivors (4096K)
 Metaspace       used 52196K, committed 52480K, reserved 1114112K
  class space    used 6220K, committed 6336K, reserved 1048576K
}
Event: 5.535 GC heap after
{Heap after GC invocations=13 (full 0):
 garbage-first heap   total 102400K, used 38439K [0x0000000702c00000, 0x0000000800000000)
  region size 2048K, 2 young (4096K), 2 survivors (4096K)
 Metaspace       used 52196K, committed 52480K, reserved 1114112K
  class space    used 6220K, committed 6336K, reserved 1048576K
}
Event: 6.671 GC heap before
{Heap before GC invocations=13 (full 0):
 garbage-first heap   total 102400K, used 58919K [0x0000000702c00000, 0x0000000800000000)
  region size 2048K, 13 young (26624K), 2 survivors (4096K)
 Metaspace       used 55381K, committed 55616K, reserved 1114112K
  class space    used 6548K, committed 6656K, reserved 1048576K
}

